<?xml version="1.0" encoding="UTF-8"?>
<!-- Generated by org.testng.reporters.JUnitReportReporter -->
<testsuite hostname="Tina_Gino" failures="0" tests="1" name="Test.ThreeTest" time="67.635" errors="0" timestamp="2022-11-04T13:12:53 GMT-04:00" skipped="0">
  <testcase classname="Test.ThreeTest" name="threetest" time="67.635"/>
  <system-out/>
</testsuite> <!-- Test.ThreeTest -->
