<?xml version="1.0" encoding="UTF-8"?>
<!-- Generated by org.testng.reporters.JUnitReportReporter -->
<testsuite hostname="Tina_Gino" failures="0" tests="1" name="Test.Login" time="17.641" errors="0" timestamp="2022-11-01T13:38:12 GMT-04:00" skipped="0">
  <testcase classname="Test.Login" name="Login" time="17.641"/>
  <system-out/>
</testsuite> <!-- Test.Login -->
