<?xml version="1.0" encoding="UTF-8"?>
<!-- Generated by org.testng.reporters.JUnitReportReporter -->
<testsuite hostname="Tina_Gino" failures="0" tests="1" name="Runner.runner" time="20.369" errors="0" timestamp="2022-11-04T15:40:29 GMT-04:00" skipped="0">
  <testcase classname="Runner.runner" name="runScenario" time="20.369"/>
  <system-out/>
</testsuite> <!-- Runner.runner -->
