<?xml version="1.0" encoding="UTF-8"?>
<!-- Generated by org.testng.reporters.JUnitReportReporter -->
<testsuite hostname="Tina_Gino" failures="0" tests="4" name="Test.LoginTest" time="154.271" errors="0" timestamp="2022-11-04T13:12:53 GMT-04:00" skipped="0">
  <testcase classname="Test.LoginTest" name="Login" time="16.157"/>
  <system-out/>
  <testcase classname="Test.LoginTest" name="Login" time="32.104"/>
  <system-out/>
  <testcase classname="Test.LoginTest" name="Login" time="35.937"/>
  <system-out/>
  <testcase classname="Test.LoginTest" name="Login" time="70.073"/>
  <system-out/>
</testsuite> <!-- Test.LoginTest -->
