<?xml version="1.0" encoding="UTF-8"?>
<!-- Generated by org.testng.reporters.JUnitReportReporter -->
<testsuite hostname="Tina_Gino" failures="0" tests="1" name="Test.TwoTest" time="82.847" errors="0" timestamp="2022-11-04T15:57:13 GMT-04:00" skipped="0">
  <testcase classname="Test.TwoTest" name="twotest" time="82.847"/>
  <system-out/>
</testsuite> <!-- Test.TwoTest -->
