<?xml version="1.0" encoding="UTF-8"?>
<!-- Generated by org.testng.reporters.JUnitReportReporter -->
<testsuite hostname="Tina_Gino" failures="0" tests="4" name="Test.LoginTest" time="194.058" errors="0" timestamp="2022-11-04T15:57:13 GMT-04:00" skipped="0">
  <testcase classname="Test.LoginTest" name="Login" time="43.445"/>
  <system-out/>
  <testcase classname="Test.LoginTest" name="Login" time="88.644"/>
  <system-out/>
  <testcase classname="Test.LoginTest" name="Login" time="26.843"/>
  <system-out/>
  <testcase classname="Test.LoginTest" name="Login" time="35.126"/>
  <system-out/>
</testsuite> <!-- Test.LoginTest -->
